<?xml version="1.0" encoding="UTF-8"?>
<testsuites name="katalon-jenkins-test" time="4.961" tests="1" failures="0" errors="0">
   <testsuite name="katalon-jenkins-test" tests="1" failures="0" errors="0" time="4.961" timestamp="2020-02-04 11:06:06" hostname="jhampleman - lp-jhamplem-osx.hq.corp.viasat.com" id="Test Suites/katalon-jenkins-test">
      <properties>
         <property name="deviceName" value=""/>
         <property name="devicePlatform" value=""/>
         <property name="logFolder" value="/Users/jhampleman/Katalon Studio/jasmine-jenkins/Reports/20200204_110604/katalon-jenkins-test/20200204_110604"/>
         <property name="logFiles" value="/Users/jhampleman/Katalon Studio/jasmine-jenkins/Reports/20200204_110604/katalon-jenkins-test/20200204_110604/execution0.log"/>
         <property name="attachments" value=""/>
         <property name="hostName" value="jhampleman - lp-jhamplem-osx.hq.corp.viasat.com"/>
         <property name="os" value="Mac OS X 64bit"/>
         <property name="katalonVersion" value="7.2.1.1"/>
         <property name="browser" value="Chrome 79.0.3945.130"/>
         <property name="hostAddress" value="172.30.129.38"/>
         <property name="sessionId" value="d461d16cf65c9afe72338b17dac3acdd"/>
         <property name="seleniumVersion" value="3.141.59"/>
         <property name="proxyInformation" value="ProxyInformation{proxyOption=NO_PROXY, proxyServerType=HTTP, password=, proxyServerAddress=, proxyServerPort=0, executionList=}"/>
         <property name="platform" value="Mac OS X"/>
      </properties>
      <testcase name="Test Cases/check_console_for_errors" time="4.741" classname="Test Cases/check_console_for_errors" status="PASSED">
         <system-out><![CDATA[2020-02-04 11:06:06 - [TEST_CASE][PASSED] - Test Cases/check_console_for_errors: Test Cases/check_console_for_errors

2020-02-04 11:06:06 - [TEST_STEP][PASSED] - openBrowser(""): Browser is opened with url: ''

2020-02-04 11:06:07 - [MESSAGE][INFO] - Starting 'Chrome (headless)' driver

2020-02-04 11:06:07 - [MESSAGE][INFO] - Action delay is set to 0 seconds

2020-02-04 11:06:08 - [MESSAGE][PASSED] - Browser is opened with url: ''

2020-02-04 11:06:08 - [TEST_STEP][PASSED] - navigateToUrl("https://webdev.viasat.dev/jasmine/Jasmine.html"): Navigate to 'https://webdev.viasat.dev/jasmine/Jasmine.html' successfully

2020-02-04 11:06:10 - [MESSAGE][PASSED] - Navigate to 'https://webdev.viasat.dev/jasmine/Jasmine.html' successfully

2020-02-04 11:06:10 - [TEST_STEP][PASSED] - waitForElementVisible(findTestObject("jasmine-panel"), 10): Object 'Object Repository/jasmine-panel' is visible

2020-02-04 11:06:11 - [MESSAGE][PASSED] - Object 'Object Repository/jasmine-panel' is visible

2020-02-04 11:06:11 - [TEST_STEP][PASSED] - verifyElementPresent(findTestObject("jasmine-error"), 0): Object 'Object Repository/jasmine-error' is present

2020-02-04 11:06:11 - [MESSAGE][WARNING] - Timeout '0' is invalid. Using default page load timeout: '30'

2020-02-04 11:06:11 - [MESSAGE][PASSED] - Object 'Object Repository/jasmine-error' is present

2020-02-04 11:06:11 - [TEST_STEP][PASSED] - executedBrowser = getExecutedBrowser(): null

2020-02-04 11:06:11 - [TEST_STEP][PASSED] - switch (executedBrowser): null

2020-02-04 11:06:11 - [TEST_STEP][PASSED] - closeBrowser(): Browser is closed

2020-02-04 11:06:11 - [MESSAGE][PASSED] - Browser is closed]]></system-out>
         <system-err><![CDATA[]]></system-err>
      </testcase>
      <system-out><![CDATA[2020-02-04 11:06:06 - [TEST_SUITE][PASSED] - katalon-jenkins-test: Test Cases/check_console_for_errors]]></system-out>
      <system-err><![CDATA[]]></system-err>
   </testsuite>
</testsuites>
