<?xml version="1.0" encoding="UTF-8"?>
<testsuites name="katalon-jenkins-test" time="4.653" tests="1" failures="0" errors="0">
   <testsuite name="katalon-jenkins-test" tests="1" failures="0" errors="0" time="4.653" timestamp="2020-02-03 12:48:55" hostname="jhampleman - 172.26.104.126" id="Test Suites/katalon-jenkins-test">
      <properties>
         <property name="deviceName" value=""/>
         <property name="devicePlatform" value=""/>
         <property name="logFolder" value="/Users/jhampleman/Katalon Studio/jasmine-jenkins/Reports/20200203_124852/katalon-jenkins-test/20200203_124852"/>
         <property name="logFiles" value="/Users/jhampleman/Katalon Studio/jasmine-jenkins/Reports/20200203_124852/katalon-jenkins-test/20200203_124852/execution0.log"/>
         <property name="attachments" value=""/>
         <property name="hostName" value="jhampleman - 172.26.104.126"/>
         <property name="os" value="Mac OS X 64bit"/>
         <property name="katalonVersion" value="7.2.1.1"/>
         <property name="browser" value="Chrome 79.0.3945.130"/>
         <property name="hostAddress" value="172.26.104.126"/>
         <property name="sessionId" value="23ae43d6365deda9f3ce792a0dd376f0"/>
         <property name="seleniumVersion" value="3.141.59"/>
         <property name="proxyInformation" value="ProxyInformation{proxyOption=NO_PROXY, proxyServerType=HTTP, password=, proxyServerAddress=, proxyServerPort=0, executionList=}"/>
         <property name="platform" value="Mac OS X"/>
      </properties>
      <testcase name="Test Cases/check_console_for_errors" time="4.409" classname="Test Cases/check_console_for_errors" status="PASSED">
         <system-out><![CDATA[2020-02-03 12:48:55 - [TEST_CASE][PASSED] - Test Cases/check_console_for_errors: Test Cases/check_console_for_errors

2020-02-03 12:48:55 - [TEST_STEP][PASSED] - openBrowser(""): Browser is opened with url: ''

2020-02-03 12:48:56 - [MESSAGE][INFO] - Starting 'Chrome' driver

2020-02-03 12:48:56 - [MESSAGE][INFO] - Action delay is set to 0 seconds

2020-02-03 12:48:58 - [MESSAGE][PASSED] - Browser is opened with url: ''

2020-02-03 12:48:58 - [TEST_STEP][PASSED] - navigateToUrl("https://webdev.viasat.dev/jasmine/Jasmine.html"): Navigate to 'https://webdev.viasat.dev/jasmine/Jasmine.html' successfully

2020-02-03 12:48:59 - [MESSAGE][PASSED] - Navigate to 'https://webdev.viasat.dev/jasmine/Jasmine.html' successfully

2020-02-03 12:48:59 - [TEST_STEP][PASSED] - waitForElementVisible(findTestObject("jasmine-panel"), 10): Object 'Object Repository/jasmine-panel' is visible

2020-02-03 12:48:59 - [MESSAGE][PASSED] - Object 'Object Repository/jasmine-panel' is visible

2020-02-03 12:48:59 - [TEST_STEP][PASSED] - executedBrowser = getExecutedBrowser(): null

2020-02-03 12:48:59 - [TEST_STEP][PASSED] - switch (executedBrowser): null

2020-02-03 12:48:59 - [TEST_STEP][PASSED] - case CHROME_DRIVER:: null

2020-02-03 12:48:59 - [TEST_STEP][PASSED] - driver = getWebDriver(): null

2020-02-03 12:48:59 - [TEST_STEP][PASSED] - logs = logs().get("browser"): null

2020-02-03 12:48:59 - [TEST_STEP][PASSED] - for (org.openqa.selenium.logging.LogEntry entry : logs): null

2020-02-03 12:48:59 - [TEST_STEP][PASSED] - closeBrowser(): Browser is closed

2020-02-03 12:48:59 - [MESSAGE][PASSED] - Browser is closed]]></system-out>
         <system-err><![CDATA[]]></system-err>
      </testcase>
      <system-out><![CDATA[2020-02-03 12:48:55 - [TEST_SUITE][PASSED] - katalon-jenkins-test: Test Cases/check_console_for_errors]]></system-out>
      <system-err><![CDATA[]]></system-err>
   </testsuite>
</testsuites>
